TN:
SF:src/CPF.ts
FN:4,validateCpf
FN:16,cleanCpf
FN:20,isInvalidLength
FN:24,isIdenticalDigits
FN:29,calculateCheckDigit
FN:38,extractCheckDigit
FNF:6
FNH:6
FNDA:6,validateCpf
FNDA:5,cleanCpf
FNDA:5,isInvalidLength
FNDA:4,isIdenticalDigits
FNDA:6,calculateCheckDigit
FNDA:3,extractCheckDigit
DA:1,1
DA:2,1
DA:3,1
DA:4,6
DA:5,6
DA:6,5
DA:7,6
DA:8,4
DA:9,3
DA:10,3
DA:11,3
DA:12,3
DA:13,3
DA:14,3
DA:15,1
DA:16,5
DA:17,5
DA:18,5
DA:19,1
DA:20,5
DA:21,5
DA:22,5
DA:23,1
DA:24,4
DA:25,4
DA:26,4
DA:27,4
DA:28,1
DA:29,6
DA:30,6
DA:31,66
DA:32,66
DA:33,6
DA:34,6
DA:35,6
DA:36,6
DA:37,1
DA:38,3
DA:39,3
DA:40,3
LF:40
LH:40
BRDA:4,0,0,6
BRDA:5,1,0,1
BRDA:6,2,0,5
BRDA:7,3,0,1
BRDA:8,4,0,4
BRDA:8,5,0,1
BRDA:9,6,0,3
BRDA:16,7,0,5
BRDA:20,8,0,5
BRDA:24,9,0,4
BRDA:26,10,0,19
BRDA:29,11,0,6
BRDA:35,12,0,1
BRDA:35,13,0,5
BRDA:30,14,0,66
BRDA:31,15,0,57
BRDA:38,16,0,3
BRF:17
BRH:17
end_of_record
TN:
SF:src/Item.ts
FN:2,Item
FNF:1
FNH:1
FNDA:3,Item
DA:1,1
DA:2,1
DA:3,3
DA:4,3
DA:5,3
DA:6,3
DA:7,1
LF:7
LH:7
BRDA:2,0,0,3
BRF:1
BRH:1
end_of_record
TN:
SF:src/Order.ts
FN:8,Order
FN:12,create
FN:16,addDiscount
FN:25,getItems
FNF:4
FNH:4
FNDA:3,Order
FNDA:3,create
FNDA:1,addDiscount
FNDA:1,getItems
DA:1,1
DA:2,1
DA:3,1
DA:4,1
DA:5,1
DA:6,1
DA:7,1
DA:8,1
DA:9,3
DA:10,3
DA:11,1
DA:12,1
DA:13,3
DA:14,3
DA:15,1
DA:16,1
DA:17,1
DA:18,2
DA:19,2
DA:20,1
DA:21,1
DA:22,1
DA:23,1
DA:24,1
DA:25,1
DA:26,1
DA:27,1
DA:28,1
LF:28
LH:28
BRDA:8,0,0,3
BRDA:9,1,0,1
BRDA:12,2,0,3
BRDA:16,3,0,1
BRDA:17,4,0,2
BRDA:25,5,0,1
BRF:6
BRH:6
end_of_record
